<?xml version="1.0" encoding="UTF-8"?>
<!-- Generated by org.testng.reporters.JUnitXMLReporter -->
<testsuite ignored="0" hostname="Arche-ITL476" failures="0" tests="2" name="Default test" time="2.441" errors="0" timestamp="2022-11-22T14:37:58 IST">
  <testcase classname="com.opencart.qa.testcase.LoginPageTest" name="VerifyForgottenpasswordLinkPresent" time="0.583"/>
  <testcase classname="com.opencart.qa.testcase.LoginPageTest" name="VerifyLoginUser" time="1.795"/>
</testsuite> <!-- Default test -->
