<?xml version="1.0" encoding="UTF-8"?>
<!-- Generated by org.testng.reporters.JUnitXMLReporter -->
<testsuite ignored="0" hostname="Arche-ITL476" failures="2" tests="7" name="Test" time="18.751" errors="0" timestamp="2022-11-23T12:50:49 IST">
  <testcase classname="com.opencart.qa.testcase.HomePageTest" name="VerifyPageTitle" time="0.495"/>
  <testcase classname="com.opencart.qa.testcase.HomePageTest" name="VerifyCompanyLogo" time="0.546"/>
  <testcase classname="com.opencart.qa.testcase.HomePageTest" name="VerifySearchFunctionality" time="1.219"/>
  <testcase classname="com.opencart.qa.testcase.HomePageTest" name="VerifyAccount_LoginRedirection" time="2.072">
    <failure type="java.lang.AssertionError" message="expected [Account Login] but found [Your Store]">
      <![CDATA[java.lang.AssertionError: expected [Account Login] but found [Your Store]
at com.opencart.qa.testcase.HomePageTest.VerifyAccount_LoginRedirection(HomePageTest.java:88)
at java.base/java.util.ArrayList.forEach(ArrayList.java:1511)
... Removed 33 stack frames]]>
    </failure>
  </testcase> <!-- VerifyAccount_LoginRedirection -->
  <testcase classname="com.opencart.qa.testcase.HomePageTest" name="VerifyAccount_RegisterRedirection" time="3.515">
    <failure type="java.lang.AssertionError" message="expected [Register Account] but found [Your Store]">
      <![CDATA[java.lang.AssertionError: expected [Register Account] but found [Your Store]
at com.opencart.qa.testcase.HomePageTest.VerifyAccount_RegisterRedirection(HomePageTest.java:97)
at java.base/java.util.ArrayList.forEach(ArrayList.java:1511)
... Removed 33 stack frames]]>
    </failure>
  </testcase> <!-- VerifyAccount_RegisterRedirection -->
  <testcase classname="com.opencart.qa.testcase.SearchPageTest" name="VerifyValidKeyword_search" time="0.885"/>
  <testcase classname="com.opencart.qa.testcase.SearchPageTest" name="VerifyInValidKeyword_search" time="1.037"/>
</testsuite> <!-- Test -->
