<?xml version="1.0" encoding="UTF-8"?>
<!-- Generated by org.testng.reporters.JUnitXMLReporter -->
<testsuite ignored="0" hostname="Arche-ITL476" failures="0" tests="13" name="Test" time="61.131" errors="0" timestamp="2022-11-24T12:52:23 IST">
  <testcase classname="com.opencart.qa.testcase.LoginPageTest" name="VerifyForgottenpasswordLinkPresent" time="2.538"/>
  <testcase classname="com.opencart.qa.testcase.LoginPageTest" name="VerifyLoginUser" time="3.495"/>
  <testcase classname="com.opencart.qa.testcase.HomePageTest" name="VerifyPageTitle" time="0.365"/>
  <testcase classname="com.opencart.qa.testcase.HomePageTest" name="VerifyCompanyLogo" time="0.369"/>
  <testcase classname="com.opencart.qa.testcase.HomePageTest" name="VerifySearchFunctionality" time="0.911"/>
  <testcase classname="com.opencart.qa.testcase.HomePageTest" name="VerifyAccount_LoginRedirection" time="1.816"/>
  <testcase classname="com.opencart.qa.testcase.HomePageTest" name="VerifyAccount_RegisterRedirection" time="1.96"/>
  <testcase classname="com.opencart.qa.testcase.RegisterPageTest" name="VerifyRegisterUser" time="2.137"/>
  <testcase classname="com.opencart.qa.testcase.RegisterPageTest" name="VerifyRegisterUser" time="2.055"/>
  <testcase classname="com.opencart.qa.testcase.RegisterPageTest" name="VerifyUserAlreadyRegister" time="2.047"/>
  <testcase classname="com.opencart.qa.testcase.RegisterPageTest" name="VerifyUserAlreadyRegister" time="1.818"/>
  <testcase classname="com.opencart.qa.testcase.SearchPageTest" name="VerifyValidKeyword_search" time="0.623"/>
  <testcase classname="com.opencart.qa.testcase.SearchPageTest" name="VerifyInValidKeyword_search" time="0.623"/>
</testsuite> <!-- Test -->
