<?xml version="1.0" encoding="UTF-8"?>
<testng-results ignored="0" total="2" passed="2" failed="0" skipped="0">
  <reporter-output>
  </reporter-output>
  <suite started-at="2022-11-17T22:23:20 IST" name="Default suite" finished-at="2022-11-17T22:23:29 IST" duration-ms="9858">
    <groups>
    </groups>
    <test started-at="2022-11-17T22:23:20 IST" name="Default test" finished-at="2022-11-17T22:23:29 IST" duration-ms="9858">
      <class name="com.opencart.qa.testcase.HomePageTest">
        <test-method is-config="true" signature="setup()[pri:0, instance:com.opencart.qa.testcase.HomePageTest@25641d39]" started-at="2022-11-17T22:23:20 IST" name="setup" finished-at="2022-11-17T22:23:25 IST" duration-ms="5133" status="PASS">
          <reporter-output>
          </reporter-output>
        </test-method> <!-- setup -->
        <test-method signature="VerifyPageTitle()[pri:1, instance:com.opencart.qa.testcase.HomePageTest@25641d39]" started-at="2022-11-17T22:23:25 IST" name="VerifyPageTitle" finished-at="2022-11-17T22:23:25 IST" duration-ms="23" status="PASS">
          <reporter-output>
          </reporter-output>
        </test-method> <!-- VerifyPageTitle -->
        <test-method is-config="true" signature="teardown()[pri:0, instance:com.opencart.qa.testcase.HomePageTest@25641d39]" started-at="2022-11-17T22:23:25 IST" name="teardown" finished-at="2022-11-17T22:23:26 IST" duration-ms="727" status="PASS">
          <reporter-output>
          </reporter-output>
        </test-method> <!-- teardown -->
        <test-method is-config="true" signature="setup()[pri:0, instance:com.opencart.qa.testcase.HomePageTest@25641d39]" started-at="2022-11-17T22:23:26 IST" name="setup" finished-at="2022-11-17T22:23:28 IST" duration-ms="2490" status="PASS">
          <reporter-output>
          </reporter-output>
        </test-method> <!-- setup -->
        <test-method signature="VerifySearchFunctionality()[pri:2, instance:com.opencart.qa.testcase.HomePageTest@25641d39]" started-at="2022-11-17T22:23:28 IST" name="VerifySearchFunctionality" finished-at="2022-11-17T22:23:29 IST" duration-ms="664" status="PASS">
          <reporter-output>
          </reporter-output>
        </test-method> <!-- VerifySearchFunctionality -->
        <test-method is-config="true" signature="teardown()[pri:0, instance:com.opencart.qa.testcase.HomePageTest@25641d39]" started-at="2022-11-17T22:23:29 IST" name="teardown" finished-at="2022-11-17T22:23:29 IST" duration-ms="754" status="PASS">
          <reporter-output>
          </reporter-output>
        </test-method> <!-- teardown -->
      </class> <!-- com.opencart.qa.testcase.HomePageTest -->
    </test> <!-- Default test -->
  </suite> <!-- Default suite -->
</testng-results>
