<?xml version="1.0" encoding="UTF-8"?>
<testng-results ignored="0" total="1" passed="1" failed="0" skipped="0">
  <reporter-output>
  </reporter-output>
  <suite started-at="2022-11-29T14:23:55 IST" name="Default suite" finished-at="2022-11-29T14:24:05 IST" duration-ms="10320">
    <groups>
    </groups>
    <test started-at="2022-11-29T14:23:55 IST" name="Default test" finished-at="2022-11-29T14:24:05 IST" duration-ms="10320">
      <class name="com.opencart.qa.testcase.AddToCartPageTest">
        <test-method is-config="true" signature="setup()[pri:0, instance:com.opencart.qa.testcase.AddToCartPageTest@1e04fa0a]" started-at="2022-11-29T14:23:55 IST" name="setup" finished-at="2022-11-29T14:23:59 IST" duration-ms="3852" status="PASS">
          <reporter-output>
          </reporter-output>
        </test-method> <!-- setup -->
        <test-method signature="VerifyAddToCartFunctionality()[pri:0, instance:com.opencart.qa.testcase.AddToCartPageTest@1e04fa0a]" started-at="2022-11-29T14:23:59 IST" name="VerifyAddToCartFunctionality" finished-at="2022-11-29T14:24:05 IST" duration-ms="6176" status="PASS">
          <reporter-output>
          </reporter-output>
        </test-method> <!-- VerifyAddToCartFunctionality -->
        <test-method is-config="true" signature="tearDown()[pri:0, instance:com.opencart.qa.testcase.AddToCartPageTest@1e04fa0a]" started-at="2022-11-29T14:24:05 IST" name="tearDown" finished-at="2022-11-29T14:24:05 IST" duration-ms="259" status="PASS">
          <reporter-output>
          </reporter-output>
        </test-method> <!-- tearDown -->
      </class> <!-- com.opencart.qa.testcase.AddToCartPageTest -->
    </test> <!-- Default test -->
  </suite> <!-- Default suite -->
</testng-results>
